Unity Editor version:    2020.3.25f1 (9b9180224418)
Branch:                  2020.3/staging
Build type:              Release
Batch mode:              YES
macOS version:           Version 12.2.1 (Build 21D62)
Darwin version:          21.3.0
Architecture:            x86_64
Running under Rosetta:   NO
Available memory:        16384 MB
Using pre-set license
Pro License: NO

COMMAND LINE ARGUMENTS:
/Applications/Unity/Hub/Editor/2020.3.25f1/Unity.app/Contents/MacOS/Unity
-adb2
-batchMode
-noUpm
-name
AssetImportWorker0
-projectPath
/Users/rogerkorpics/Github Repositories/idm311-unity-project/idm311-unity-project
-logFile
Logs/AssetImportWorker0.log
-srvPort
60055
Successfully changed project path to: /Users/rogerkorpics/Github Repositories/idm311-unity-project/idm311-unity-project
/Users/rogerkorpics/Github Repositories/idm311-unity-project/idm311-unity-project
Using Asset Import Pipeline V2.
Refreshing native plugins compatible for Editor in 36.96 ms, found 2 plugins.
Preloading 0 native plugins for Editor in 0.00 ms.
Initialize engine version: 2020.3.25f1 (9b9180224418)
[Subsystems] Discovering subsystems at path /Applications/Unity/Hub/Editor/2020.3.25f1/Unity.app/Contents/Resources/UnitySubsystems
[Subsystems] Discovering subsystems at path /Users/rogerkorpics/Github Repositories/idm311-unity-project/idm311-unity-project/Assets
GfxDevice: creating device client; threaded=0
2022-02-21 20:17:19.747 Unity[71652:3051328] Color LCD preferred device: AMD Radeon Pro 560X (high power)
2022-02-21 20:17:19.747 Unity[71652:3051328] Metal devices available: 2
2022-02-21 20:17:19.747 Unity[71652:3051328] 0: AMD Radeon Pro 560X (high power)
2022-02-21 20:17:19.747 Unity[71652:3051328] 1: Intel(R) UHD Graphics 630 (low power)
2022-02-21 20:17:19.748 Unity[71652:3051328] Using device AMD Radeon Pro 560X (high power)
Initializing Metal device caps: AMD Radeon Pro 560X
Initialize mono
Mono path[0] = '/Applications/Unity/Hub/Editor/2020.3.25f1/Unity.app/Contents/Managed'
Mono path[1] = '/Applications/Unity/Hub/Editor/2020.3.25f1/Unity.app/Contents/MonoBleedingEdge/lib/mono/unityjit'
Mono config path = '/Applications/Unity/Hub/Editor/2020.3.25f1/Unity.app/Contents/MonoBleedingEdge/etc'
Using monoOptions --debugger-agent=transport=dt_socket,embedding=1,server=y,suspend=n,address=127.0.0.1:56652
Begin MonoManager ReloadAssembly
Registering precompiled unity dll's ...
Register platform support module: /Applications/Unity/Hub/Editor/2020.3.25f1/PlaybackEngines/WebGLSupport/UnityEditor.WebGL.Extensions.dll
Register platform support module: /Applications/Unity/Hub/Editor/2020.3.25f1/Unity.app/Contents/PlaybackEngines/MacStandaloneSupport/UnityEditor.OSXStandalone.Extensions.dll
Registered in 0.004210 seconds.
Native extension for OSXStandalone target not found
Native extension for WebGL target not found
Refreshing native plugins compatible for Editor in 28.66 ms, found 2 plugins.
Preloading 0 native plugins for Editor in 0.00 ms.
Mono: successfully reloaded assembly
- Completed reload, in  0.585 seconds
Domain Reload Profiling:
	ReloadAssembly (585ms)
		BeginReloadAssembly (36ms)
			ExecutionOrderSort (0ms)
			DisableScriptedObjects (0ms)
			BackupInstance (0ms)
			ReleaseScriptingObjects (0ms)
			CreateAndSetChildDomain (1ms)
		EndReloadAssembly (477ms)
			LoadAssemblies (37ms)
			RebuildTransferFunctionScriptingTraits (0ms)
			SetupTypeCache (184ms)
			ReleaseScriptCaches (0ms)
			RebuildScriptCaches (33ms)
			SetupLoadedEditorAssemblies (175ms)
				LogAssemblyErrors (0ms)
				InitializePlatformSupportModulesInManaged (4ms)
				SetLoadedEditorAssemblies (0ms)
				RefreshPlugins (29ms)
				BeforeProcessingInitializeOnLoad (10ms)
				ProcessInitializeOnLoadAttributes (101ms)
				ProcessInitializeOnLoadMethodAttributes (30ms)
				AfterProcessingInitializeOnLoad (0ms)
				EditorAssembliesLoaded (0ms)
			ExecutionOrderSort2 (0ms)
			AwakeInstancesAfterBackupRestoration (0ms)
Platform modules already initialized, skipping
Registering precompiled user dll's ...
Registered in 0.007879 seconds.
Begin MonoManager ReloadAssembly
Native extension for OSXStandalone target not found
Native extension for WebGL target not found
Refreshing native plugins compatible for Editor in 0.29 ms, found 2 plugins.
Preloading 0 native plugins for Editor in 0.00 ms.
Mono: successfully reloaded assembly
- Completed reload, in  1.022 seconds
Domain Reload Profiling:
	ReloadAssembly (1023ms)
		BeginReloadAssembly (126ms)
			ExecutionOrderSort (0ms)
			DisableScriptedObjects (5ms)
			BackupInstance (0ms)
			ReleaseScriptingObjects (0ms)
			CreateAndSetChildDomain (20ms)
		EndReloadAssembly (841ms)
			LoadAssemblies (81ms)
			RebuildTransferFunctionScriptingTraits (0ms)
			SetupTypeCache (316ms)
			ReleaseScriptCaches (0ms)
			RebuildScriptCaches (48ms)
			SetupLoadedEditorAssemblies (276ms)
				LogAssemblyErrors (0ms)
				InitializePlatformSupportModulesInManaged (5ms)
				SetLoadedEditorAssemblies (0ms)
				RefreshPlugins (0ms)
				BeforeProcessingInitializeOnLoad (48ms)
				ProcessInitializeOnLoadAttributes (209ms)
				ProcessInitializeOnLoadMethodAttributes (12ms)
				AfterProcessingInitializeOnLoad (1ms)
				EditorAssembliesLoaded (0ms)
			ExecutionOrderSort2 (0ms)
			AwakeInstancesAfterBackupRestoration (7ms)
Platform modules already initialized, skipping
Validating Project structure ... 0.000954 seconds.
Shader import version has changed; will reimport all shaders...
Upgrading shader files ...0.000963 seconds.
Application.AssetDatabase Initial Script Refresh Start
RefreshInfo: InitialScriptRefreshV2(NoUpdateAssetOptions) scanfilter:  ... 1 filters
RefreshProfiler: Total: 0.000ms
Application.AssetDatabase Initial Script Refresh End
Application.AssetDatabase.Refresh Start
Application.AssetDatabase.Refresh End
RefreshInfo: StopAssetImportingV2(ForceSynchronousImport) scanfilter: 
RefreshProfiler: Total: 0.000ms
Launching external process: /Applications/Unity/Hub/Editor/2020.3.25f1/Unity.app/Contents/Tools/UnityShaderCompiler
Launched and connected shader compiler UnityShaderCompiler after 0.02 seconds
Initializing Unity extensions:
2022-02-21 20:17:22.742 Unity[71652:3051328] NSEventModifierFlagFunction specified to -setKeyEquivalentModifierMask: for item <NSMenuItem: 0x600000d0cee0 Font Asset, ke='Command-F12'>, but is only supported for system-provided menu items; will not be used
2022-02-21 20:17:22.745 Unity[71652:3051328] NSEventModifierFlagFunction specified to -setKeyEquivalentModifierMask: for item <NSMenuItem: 0x600000d7e8b0 Font Asset, ke='Command-F12'>, but is only supported for system-provided menu items; will not be used
========================================================================
Worker process is ready to serve import requests
Refreshing native plugins compatible for Editor in 0.21 ms, found 2 plugins.
Preloading 0 native plugins for Editor in 0.00 ms.
Unloading 1501 Unused Serialized files (Serialized files now loaded: 0)
System memory in use before: 158.9 MB.
System memory in use after: 158.0 MB.

Unloading 80 unused Assets to reduce memory usage. Loaded Objects now: 1972.
Total: 3.353657 ms (FindLiveObjects: 0.112777 ms CreateObjectMapping: 0.044742 ms MarkObjects: 2.735369 ms  DeleteObjects: 0.460019 ms)

AssetImportParameters requested are different than current active one (requested -> active):
  custom:video-decoder-ogg-theora: a1e56fd34408186e4bbccfd4996cb3dc -> 
  custom:container-muxer-webm: aa71ff27fc2769a1b78a27578f13a17b -> 
  custom:container-demuxer-webm: 4f35f7cbe854078d1ac9338744f61a02 -> 
  custom:container-demuxer-ogg: 62fdf1f143b41e24485cea50d1cbac27 -> 
  custom:video-encoder-webm-vp8: eb34c28f22e8b96e1ab97ce403110664 -> 
  custom:framework-osx-AVFoundation: e770b220cccbd017edd2c1fefb359320 -> 
  custom:video-decoder-webm-vp8: 9c59270c3fd7afecdb556c50c9e8de78 -> 
  custom:audio-decoder-ogg-vorbis: bf7c407c2cedff20999df2af8eb42d56 -> 
  custom:audio-encoder-webm-vorbis: bf7c407c2cedff20999df2af8eb42d56 -> 
========================================================================
Received Import Request.
  path: Assets/LowPolyAlienWorld/Water.prefab
  artifactKey: Guid(3aa58df061019574989fc0e803b8b563) Importer(815301076,1909f56bfc062723c751e8b465ee728b)
Start importing Assets/LowPolyAlienWorld/Water.prefab using Guid(3aa58df061019574989fc0e803b8b563) Importer(815301076,1909f56bfc062723c751e8b465ee728b)  -> (artifact id: '99bceaa8b478b8b0b3d8fdcc5a7a755a') in 1.902089 seconds 
  Import took 1.907551 seconds .

========================================================================
Received Import Request.
  Time since last request: 0.000667 seconds.
  path: Assets/LowPolyAlienWorld
  artifactKey: Guid(d463caf5432ce47489bd472ff809bcb6) Importer(815301076,1909f56bfc062723c751e8b465ee728b)
Start importing Assets/LowPolyAlienWorld using Guid(d463caf5432ce47489bd472ff809bcb6) Importer(815301076,1909f56bfc062723c751e8b465ee728b)  -> (artifact id: '63422fb3b4e0935ccd4011813f0b69fe') in 0.000793 seconds 
  Import took 0.003214 seconds .

========================================================================
Received Import Request.
  Time since last request: 0.000251 seconds.
  path: Assets/LowPolyAlienWorld/Terrain.prefab
  artifactKey: Guid(f9b070a0df4bf2941a858f1c29591401) Importer(815301076,1909f56bfc062723c751e8b465ee728b)
Start importing Assets/LowPolyAlienWorld/Terrain.prefab using Guid(f9b070a0df4bf2941a858f1c29591401) Importer(815301076,1909f56bfc062723c751e8b465ee728b)  -> (artifact id: '8c49dd44cf8952008763c30cc98677d4') in 0.018950 seconds 
  Import took 0.021599 seconds .

========================================================================
Received Import Request.
  Time since last request: 0.000232 seconds.
  path: Assets/LowPolyAlienWorld/Scenes
  artifactKey: Guid(4f704ae4b4f98ae41a0bce26658850c1) Importer(815301076,1909f56bfc062723c751e8b465ee728b)
Start importing Assets/LowPolyAlienWorld/Scenes using Guid(4f704ae4b4f98ae41a0bce26658850c1) Importer(815301076,1909f56bfc062723c751e8b465ee728b)  -> (artifact id: '1aca82992b6beeddaa6663b47a6390a7') in 0.001346 seconds 
  Import took 0.003824 seconds .

========================================================================
Received Import Request.
  Time since last request: 0.000244 seconds.
  path: Assets/LowPolyAlienWorld/Terrain.fbx
  artifactKey: Guid(587c5ef11f1639140b1ec4c74d6b908e) Importer(815301076,1909f56bfc062723c751e8b465ee728b)
Start importing Assets/LowPolyAlienWorld/Terrain.fbx using Guid(587c5ef11f1639140b1ec4c74d6b908e) Importer(815301076,1909f56bfc062723c751e8b465ee728b)  -> (artifact id: 'e9cce3dd14052c4af8d8c4503eb4ec92') in 0.366227 seconds 
  Import took 0.372943 seconds .

========================================================================
Received Import Request.
  Time since last request: 3.523820 seconds.
  path: Assets/LowPolyAlienWorld/Scenes/ExampleScene.unity
  artifactKey: Guid(1087aaeff440f7748a7bef1a7ec81c74) Importer(815301076,1909f56bfc062723c751e8b465ee728b)
Start importing Assets/LowPolyAlienWorld/Scenes/ExampleScene.unity using Guid(1087aaeff440f7748a7bef1a7ec81c74) Importer(815301076,1909f56bfc062723c751e8b465ee728b)  -> (artifact id: '3cde27e975c9086d0ce03f1381031602') in 0.001284 seconds 
  Import took 0.003672 seconds .

